Build started 01/08/2017 16:34:03.
     1>Project "C:\Users\indiara.menegat\documents\visual studio 2010\Projects\Ponteiros\Ponteiros\Ponteiros.vcxproj" on node 2 (build target(s)).
     1>InitializeBuildStatus:
         Creating "Debug\Ponteiros.unsuccessfulbuild" because "AlwaysCreate" was specified.
       ClCompile:
         c:\Program Files (x86)\Microsoft Visual Studio 10.0\VC\bin\CL.exe /c /ZI /nologo /W3 /WX- /Od /Oy- /D WIN32 /D _DEBUG /D _CONSOLE /D _UNICODE /D UNICODE /Gm /EHsc /RTC1 /MDd /GS /fp:precise /Zc:wchar_t /Zc:forScope /Fo"Debug\\" /Fd"Debug\vc100.pdb" /Gd /TP /analyze- /errorReport:prompt myList.cpp
         myList.cpp
       ManifestResourceCompile:
         All outputs are up-to-date.
       Link:
         c:\Program Files (x86)\Microsoft Visual Studio 10.0\VC\bin\link.exe /ERRORREPORT:PROMPT /OUT:"C:\Users\indiara.menegat\documents\visual studio 2010\Projects\Ponteiros\Debug\Ponteiros.exe" /INCREMENTAL /NOLOGO kernel32.lib user32.lib gdi32.lib winspool.lib comdlg32.lib advapi32.lib shell32.lib ole32.lib oleaut32.lib uuid.lib odbc32.lib odbccp32.lib /MANIFEST /ManifestFile:"Debug\Ponteiros.exe.intermediate.manifest" /MANIFESTUAC:"level='asInvoker' uiAccess='false'" /DEBUG /PDB:"C:\Users\indiara.menegat\documents\visual studio 2010\Projects\Ponteiros\Debug\Ponteiros.pdb" /SUBSYSTEM:CONSOLE /TLBID:1 /DYNAMICBASE /NXCOMPAT /IMPLIB:"C:\Users\indiara.menegat\documents\visual studio 2010\Projects\Ponteiros\Debug\Ponteiros.lib" /MACHINE:X86 Debug\Ponteiros.exe.embed.manifest.res
         Debug\Gerenciador.obj
         Debug\myList.obj
         Debug\Ponteiros.obj
         Debug\UI.obj
       Manifest:
         c:\Program Files (x86)\Microsoft SDKs\Windows\v7.0A\bin\mt.exe /nologo /verbose /out:"Debug\Ponteiros.exe.embed.manifest" /manifest Debug\Ponteiros.exe.intermediate.manifest
         All outputs are up-to-date.
       LinkEmbedManifest:
         All outputs are up-to-date.
         Ponteiros.vcxproj -> C:\Users\indiara.menegat\documents\visual studio 2010\Projects\Ponteiros\Debug\Ponteiros.exe
       FinalizeBuildStatus:
         Deleting file "Debug\Ponteiros.unsuccessfulbuild".
         Touching "Debug\Ponteiros.lastbuildstate".
     1>Done Building Project "C:\Users\indiara.menegat\documents\visual studio 2010\Projects\Ponteiros\Ponteiros\Ponteiros.vcxproj" (build target(s)).

Build succeeded.

Time Elapsed 00:00:00.92
